<?xml version="1.0" encoding="UTF-8"?>
<!-- Generated by org.testng.reporters.JUnitReportReporter -->
<testsuite hostname="LAPTOP-CR0AC305" failures="0" tests="4" name="test_class.VerifyFacebookTitle" time="8.063" errors="0" timestamp="2023-03-01T15:12:27 IST" skipped="1">
  <testcase classname="test_class.VerifyFacebookTitle" name="verify_TitleOfFaceBook" time="2.525"/>
  <system-out/>
  <testcase classname="test_class.VerifyFacebookTitle" name="verify_TitleOfFaceBook" time="2.158"/>
  <system-out/>
  <testcase classname="test_class.VerifyFacebookTitle" name="verify_EmailText" time="3.380"/>
  <system-out/>
  <testcase classname="test_class.VerifyFacebookTitle" name="enter_Email">
    <skipped/>
  </testcase> <!-- enter_Email -->
  <system-out/>
</testsuite> <!-- test_class.VerifyFacebookTitle -->
