<?xml version="1.0" encoding="UTF-8"?>
<!-- Generated by org.testng.reporters.JUnitReportReporter -->
<testsuite hostname="LAPTOP-CR0AC305" failures="0" tests="4" name="test_class.TestNG_Facebook" time="9.255" errors="0" timestamp="2023-03-01T23:55:14 IST" skipped="1">
  <testcase classname="test_class.TestNG_Facebook" name="verify_TitleOfFaceBook" time="2.523"/>
  <system-out/>
  <testcase classname="test_class.TestNG_Facebook" name="verify_TitleOfFaceBook" time="3.784"/>
  <system-out/>
  <testcase classname="test_class.TestNG_Facebook" name="verify_EmailText" time="2.948"/>
  <system-out/>
  <testcase classname="test_class.TestNG_Facebook" name="enter_Email">
    <skipped/>
  </testcase> <!-- enter_Email -->
  <system-out/>
</testsuite> <!-- test_class.TestNG_Facebook -->
