<?xml version="1.0" encoding="UTF-8"?>
<!-- Generated by org.testng.reporters.JUnitReportReporter -->
<testsuite hostname="LAPTOP-CR0AC305" failures="0" tests="2" name="test_class.NewTest" time="0.005" errors="0" timestamp="2023-03-01T10:56:37 IST" skipped="0">
  <testcase classname="test_class.NewTest" name="f" time="0.004"/>
  <system-out/>
  <testcase classname="test_class.NewTest" name="f" time="0.001"/>
  <system-out/>
</testsuite> <!-- test_class.NewTest -->
