<?xml version="1.0" encoding="UTF-8"?>
<!-- Generated by org.testng.reporters.JUnitReportReporter -->
<testsuite hostname="LAPTOP-CR0AC305" failures="0" tests="2" name="test_class.TestNG" time="0.014" errors="0" timestamp="2023-03-15T00:07:26 IST" skipped="0">
  <testcase classname="test_class.TestNG" name="test2" time="0.003"/>
  <system-out/>
  <testcase classname="test_class.TestNG" name="test1" time="0.011"/>
  <system-out/>
</testsuite> <!-- test_class.TestNG -->
