<?xml version="1.0" encoding="UTF-8"?>
<!-- Generated by org.testng.reporters.JUnitReportReporter -->
<testsuite hostname="LAPTOP-CR0AC305" failures="0" tests="2" name="test_class.TestNG2" time="0.012" errors="0" timestamp="2023-03-06T10:49:32 IST" skipped="0">
  <testcase classname="test_class.TestNG2" name="test2" time="0.008"/>
  <system-out/>
  <testcase classname="test_class.TestNG2" name="test3" time="0.004"/>
  <system-out/>
</testsuite> <!-- test_class.TestNG2 -->
